2017-06-26 16:22:10,148 INFO  org.springframework.context.support.AbstractApplicationContext:510  -> Refreshing org.springframework.context.annotation.AnnotationConfigApplicationContext@5c8da962: startup date [Mon Jun 26 16:22:10 CST 2017]; root of context hierarchy
2017-06-26 16:22:10,717 INFO  org.springframework.core.io.support.PropertiesLoaderSupport:172  -> Loading properties file from file [E:\examworkspace\ExamStack\scoreMarker\config\scoremaker.properties]
2017-06-26 16:22:11,659 INFO  com.examstack.scoremarker.ScoreMarkerWin:40  -> ScoreMarker daemon init done.
2017-06-26 16:22:11,660 INFO  com.examstack.scoremarker.ScoreMarkerWin:78  -> scoreMaker checking next delivery from message queue
2017-06-26 16:22:12,830 ERROR com.examstack.scoremarker.ScoreCalcuService:89  -> Get Exampaper exception:
org.springframework.web.client.ResourceAccessException: I/O error on GET request for "http://localhost:8080/Management/api/exampaper/1":Connection refused: connect; nested exception is java.net.ConnectException: Connection refused: connect
	at org.springframework.web.client.RestTemplate.doExecute(RestTemplate.java:584)
	at org.springframework.web.client.RestTemplate.execute(RestTemplate.java:529)
	at org.springframework.web.client.RestTemplate.getForObject(RestTemplate.java:236)
	at com.examstack.scoremarker.ScoreCalcuService.getExamPaper(ScoreCalcuService.java:87)
	at com.examstack.scoremarker.ScoreCalcuService.calcuScore(ScoreCalcuService.java:49)
	at com.examstack.scoremarker.ScoreMarkerWin.run(ScoreMarkerWin.java:84)
	at com.examstack.scoremarker.ScoreMarkerWin.main(ScoreMarkerWin.java:72)
Caused by: java.net.ConnectException: Connection refused: connect
	at java.net.DualStackPlainSocketImpl.connect0(Native Method)
	at java.net.DualStackPlainSocketImpl.socketConnect(DualStackPlainSocketImpl.java:79)
	at java.net.AbstractPlainSocketImpl.doConnect(AbstractPlainSocketImpl.java:350)
	at java.net.AbstractPlainSocketImpl.connectToAddress(AbstractPlainSocketImpl.java:206)
	at java.net.AbstractPlainSocketImpl.connect(AbstractPlainSocketImpl.java:188)
	at java.net.PlainSocketImpl.connect(PlainSocketImpl.java:172)
	at java.net.SocksSocketImpl.connect(SocksSocketImpl.java:392)
	at java.net.Socket.connect(Socket.java:589)
	at java.net.Socket.connect(Socket.java:538)
	at sun.net.NetworkClient.doConnect(NetworkClient.java:180)
	at sun.net.www.http.HttpClient.openServer(HttpClient.java:432)
	at sun.net.www.http.HttpClient.openServer(HttpClient.java:527)
	at sun.net.www.http.HttpClient.<init>(HttpClient.java:211)
	at sun.net.www.http.HttpClient.New(HttpClient.java:308)
	at sun.net.www.http.HttpClient.New(HttpClient.java:326)
	at sun.net.www.protocol.http.HttpURLConnection.getNewHttpClient(HttpURLConnection.java:1169)
	at sun.net.www.protocol.http.HttpURLConnection.plainConnect0(HttpURLConnection.java:1105)
	at sun.net.www.protocol.http.HttpURLConnection.plainConnect(HttpURLConnection.java:999)
	at sun.net.www.protocol.http.HttpURLConnection.connect(HttpURLConnection.java:933)
	at org.springframework.http.client.SimpleBufferingClientHttpRequest.executeInternal(SimpleBufferingClientHttpRequest.java:81)
	at org.springframework.http.client.AbstractBufferingClientHttpRequest.executeInternal(AbstractBufferingClientHttpRequest.java:48)
	at org.springframework.http.client.AbstractClientHttpRequest.execute(AbstractClientHttpRequest.java:53)
	at org.springframework.web.client.RestTemplate.doExecute(RestTemplate.java:568)
	... 6 more
2017-06-26 16:22:12,837 ERROR com.examstack.scoremarker.ScoreCalcuService:92  -> Get Exampaper exception: The specical Examaper is not existed.
2017-06-26 16:36:35,149 INFO  org.springframework.context.support.AbstractApplicationContext:510  -> Refreshing org.springframework.context.annotation.AnnotationConfigApplicationContext@5c8da962: startup date [Mon Jun 26 16:36:35 CST 2017]; root of context hierarchy
2017-06-26 16:36:35,726 INFO  org.springframework.core.io.support.PropertiesLoaderSupport:172  -> Loading properties file from file [E:\examworkspace\ExamStack\scoreMarker\config\scoremaker.properties]
2017-06-26 16:36:36,560 INFO  com.examstack.scoremarker.ScoreMarkerWin:40  -> ScoreMarker daemon init done.
2017-06-26 16:36:36,560 INFO  com.examstack.scoremarker.ScoreMarkerWin:78  -> scoreMaker checking next delivery from message queue
2017-06-26 16:40:36,664 INFO  com.examstack.scoremarker.ScoreMarkerWin:78  -> scoreMaker checking next delivery from message queue
2017-06-30 09:39:04,949 INFO  org.springframework.context.support.AbstractApplicationContext:510  -> Refreshing org.springframework.context.annotation.AnnotationConfigApplicationContext@5c8da962: startup date [Fri Jun 30 09:39:04 CST 2017]; root of context hierarchy
2017-06-30 09:39:05,118 INFO  org.springframework.core.io.support.PropertiesLoaderSupport:172  -> Loading properties file from file [F:\examstackworkspace\ExamStack\scoreMarker\config\scoremaker.properties]
2017-06-30 09:39:05,173 INFO  com.examstack.scoremarker.config.ScoreMarkConfig:53  -> ##############################################   初始化RabbitMQ Consumer 消费者        #####################################################
2017-06-30 09:39:05,548 INFO  com.examstack.scoremarker.ScoreMarkerWin:54  -> ScoreMarker daemon init done.
2017-06-30 09:39:05,548 INFO  com.examstack.scoremarker.ScoreMarkerWin:84  -> scoreMaker checking next delivery from message queue
2017-06-30 09:54:45,514 INFO  org.springframework.context.support.AbstractApplicationContext:510  -> Refreshing org.springframework.context.annotation.AnnotationConfigApplicationContext@5c8da962: startup date [Fri Jun 30 09:54:45 CST 2017]; root of context hierarchy
2017-06-30 09:54:45,689 INFO  org.springframework.core.io.support.PropertiesLoaderSupport:172  -> Loading properties file from file [F:\examstackworkspace\ExamStack\scoreMarker\config\scoremaker.properties]
2017-06-30 09:54:45,743 INFO  com.examstack.scoremarker.config.ScoreMarkConfig:53  -> ##############################################   初始化RabbitMQ Consumer 消费者        #####################################################
2017-06-30 09:54:46,048 INFO  com.examstack.scoremarker.ScoreMarkerWin:58  -> ScoreMarker daemon init done.
2017-06-30 09:54:46,049 INFO  com.examstack.scoremarker.ScoreMarkerWin:65  -> scoreMaker checking next delivery from message queue
